{"C:\\Users\\Henrique Maia\\Documents\\LevelUp\\backend\\src\\config\\prisma.js": {"path":"C:\\Users\\Henrique Maia\\Documents\\LevelUp\\backend\\src\\config\\prisma.js","statementMap":{"0":{"start":{"line":1,"column":25},"end":{"line":1,"column":50}},"1":{"start":{"line":6,"column":15},"end":{"line":6,"column":33}},"2":{"start":{"line":8,"column":0},"end":{"line":8,"column":24}}},"fnMap":{},"branchMap":{},"s":{"0":1,"1":1,"2":1},"f":{},"b":{},"_coverageSchema":"1a1c01bbd47fc00a2c39e90264f33305004495a9","hash":"ec51a81ac95ff997fe046818ab1b864931eaeb26"}
}
